[34minfo[39m: GET en / - at 7/5/2024 - 13:34:48
[34minfo[39m: GET en /assets/css/bootstrap.min.css - at 7/5/2024 - 13:34:48
[34minfo[39m: GET en /assets/css/material-kit.css - at 7/5/2024 - 13:34:48
[34minfo[39m: GET en /assets/img/logo_axion.png - at 7/5/2024 - 13:34:48
[34minfo[39m: GET en /assets/css/special.css - at 7/5/2024 - 13:34:48
[34minfo[39m: GET en /assets/js/jquery.min.js - at 7/5/2024 - 13:34:48
[34minfo[39m: GET en /assets/js/bootstrap.min.js - at 7/5/2024 - 13:34:48
[34minfo[39m: GET en /assets/js/material.min.js - at 7/5/2024 - 13:34:48
[34minfo[39m: GET en /assets/js/nouislider.min.js - at 7/5/2024 - 13:34:48
[34minfo[39m: GET en /assets/js/bootstrap-datepicker.js - at 7/5/2024 - 13:34:48
[34minfo[39m: GET en /assets/js/material-kit.js - at 7/5/2024 - 13:34:48
[34minfo[39m: GET en /assets/img/fondohome.jpg - at 7/5/2024 - 13:34:49
[34minfo[39m: GET en /assets/img/favicon.png - at 7/5/2024 - 13:34:49
[34minfo[39m: GET en / - at 7/5/2024 - 13:36:38
[34minfo[39m: GET en /assets/css/bootstrap.min.css - at 7/5/2024 - 13:36:38
[34minfo[39m: GET en /assets/css/material-kit.css - at 7/5/2024 - 13:36:38
[34minfo[39m: GET en /assets/img/logo_axion.png - at 7/5/2024 - 13:36:38
[34minfo[39m: GET en /assets/css/special.css - at 7/5/2024 - 13:36:38
[34minfo[39m: GET en /assets/js/jquery.min.js - at 7/5/2024 - 13:36:38
[34minfo[39m: GET en /assets/js/bootstrap.min.js - at 7/5/2024 - 13:36:38
[34minfo[39m: GET en /assets/js/material.min.js - at 7/5/2024 - 13:36:38
[34minfo[39m: GET en /assets/js/nouislider.min.js - at 7/5/2024 - 13:36:38
[34minfo[39m: GET en /assets/js/material-kit.js - at 7/5/2024 - 13:36:38
[34minfo[39m: GET en /assets/js/bootstrap-datepicker.js - at 7/5/2024 - 13:36:38
[34minfo[39m: GET en /assets/img/fondohome.jpg - at 7/5/2024 - 13:36:38
[34minfo[39m: GET en / - at 7/5/2024 - 13:37:56
[34minfo[39m: GET en /assets/css/bootstrap.min.css - at 7/5/2024 - 13:37:56
[34minfo[39m: GET en /assets/css/material-kit.css - at 7/5/2024 - 13:37:56
[34minfo[39m: GET en /assets/css/special.css - at 7/5/2024 - 13:37:56
[34minfo[39m: GET en /assets/img/logo_axion.png - at 7/5/2024 - 13:37:56
[34minfo[39m: GET en /assets/js/jquery.min.js - at 7/5/2024 - 13:37:56
[34minfo[39m: GET en /assets/js/bootstrap.min.js - at 7/5/2024 - 13:37:56
[34minfo[39m: GET en /assets/css/material-kit.css.map - at 7/5/2024 - 13:37:56
[34minfo[39m: GET en /assets/js/material.min.js - at 7/5/2024 - 13:37:56
[34minfo[39m: GET en /assets/js/bootstrap-datepicker.js - at 7/5/2024 - 13:37:56
[34minfo[39m: GET en /assets/js/nouislider.min.js - at 7/5/2024 - 13:37:56
[34minfo[39m: GET en /assets/js/material-kit.js - at 7/5/2024 - 13:37:56
[34minfo[39m: GET en /assets/img/fondohome.jpg - at 7/5/2024 - 13:37:56
[34minfo[39m: GET en / - at 7/5/2024 - 13:39:16
[34minfo[39m: GET en /assets/css/bootstrap.min.css - at 7/5/2024 - 13:39:16
[34minfo[39m: GET en /assets/css/material-kit.css - at 7/5/2024 - 13:39:16
[34minfo[39m: GET en /assets/css/special.css - at 7/5/2024 - 13:39:16
[34minfo[39m: GET en /assets/img/logo_axion.png - at 7/5/2024 - 13:39:16
[34minfo[39m: GET en /assets/js/jquery.min.js - at 7/5/2024 - 13:39:16
[34minfo[39m: GET en /assets/js/bootstrap.min.js - at 7/5/2024 - 13:39:16
[34minfo[39m: GET en /assets/js/material.min.js - at 7/5/2024 - 13:39:16
[34minfo[39m: GET en /assets/js/nouislider.min.js - at 7/5/2024 - 13:39:16
[34minfo[39m: GET en /assets/js/bootstrap-datepicker.js - at 7/5/2024 - 13:39:16
[34minfo[39m: GET en /assets/css/material-kit.css.map - at 7/5/2024 - 13:39:16
[34minfo[39m: GET en /assets/js/material-kit.js - at 7/5/2024 - 13:39:16
[34minfo[39m: GET en /assets/img/fondohome.jpg - at 7/5/2024 - 13:39:16
[34minfo[39m: GET en / - at 7/5/2024 - 13:40:32
[34minfo[39m: GET en /assets/css/bootstrap.min.css - at 7/5/2024 - 13:40:32
[34minfo[39m: GET en /assets/css/material-kit.css - at 7/5/2024 - 13:40:32
[34minfo[39m: GET en /assets/css/special.css - at 7/5/2024 - 13:40:32
[34minfo[39m: GET en /assets/img/logo_axion.png - at 7/5/2024 - 13:40:32
[34minfo[39m: GET en /assets/js/jquery.min.js - at 7/5/2024 - 13:40:32
[34minfo[39m: GET en /assets/js/bootstrap.min.js - at 7/5/2024 - 13:40:32
[34minfo[39m: GET en /assets/js/material.min.js - at 7/5/2024 - 13:40:32
[34minfo[39m: GET en /assets/js/nouislider.min.js - at 7/5/2024 - 13:40:32
[34minfo[39m: GET en /assets/css/material-kit.css.map - at 7/5/2024 - 13:40:32
[34minfo[39m: GET en /assets/js/material-kit.js - at 7/5/2024 - 13:40:32
[34minfo[39m: GET en /assets/js/bootstrap-datepicker.js - at 7/5/2024 - 13:40:32
[34minfo[39m: GET en /assets/img/fondohome.jpg - at 7/5/2024 - 13:40:32
[34minfo[39m: GET en / - at 7/5/2024 - 13:40:48
[34minfo[39m: GET en /assets/css/bootstrap.min.css - at 7/5/2024 - 13:40:48
[34minfo[39m: GET en /assets/css/material-kit.css - at 7/5/2024 - 13:40:48
[34minfo[39m: GET en /assets/css/special.css - at 7/5/2024 - 13:40:48
[34minfo[39m: GET en /assets/img/logo_axion.png - at 7/5/2024 - 13:40:48
[34minfo[39m: GET en /assets/js/jquery.min.js - at 7/5/2024 - 13:40:48
[34minfo[39m: GET en /assets/js/bootstrap.min.js - at 7/5/2024 - 13:40:49
[34minfo[39m: GET en /assets/js/material.min.js - at 7/5/2024 - 13:40:49
[34minfo[39m: GET en /assets/js/nouislider.min.js - at 7/5/2024 - 13:40:49
[34minfo[39m: GET en /assets/js/bootstrap-datepicker.js - at 7/5/2024 - 13:40:49
[34minfo[39m: GET en /assets/js/material-kit.js - at 7/5/2024 - 13:40:49
[34minfo[39m: GET en /assets/css/material-kit.css.map - at 7/5/2024 - 13:40:49
[34minfo[39m: GET en /assets/img/fondohome.jpg - at 7/5/2024 - 13:40:49
[34minfo[39m: GET en / - at 7/5/2024 - 13:40:59
[34minfo[39m: GET en /assets/css/bootstrap.min.css - at 7/5/2024 - 13:40:59
[34minfo[39m: GET en /assets/css/material-kit.css - at 7/5/2024 - 13:40:59
[34minfo[39m: GET en /assets/img/logo_axion.png - at 7/5/2024 - 13:40:59
[34minfo[39m: GET en /assets/css/special.css - at 7/5/2024 - 13:40:59
[34minfo[39m: GET en /assets/js/jquery.min.js - at 7/5/2024 - 13:40:59
[34minfo[39m: GET en /assets/js/bootstrap.min.js - at 7/5/2024 - 13:40:59
[34minfo[39m: GET en /assets/js/material.min.js - at 7/5/2024 - 13:40:59
[34minfo[39m: GET en /assets/js/bootstrap-datepicker.js - at 7/5/2024 - 13:40:59
[34minfo[39m: GET en /assets/js/nouislider.min.js - at 7/5/2024 - 13:40:59
[34minfo[39m: GET en /assets/js/material-kit.js - at 7/5/2024 - 13:40:59
[34minfo[39m: GET en /assets/css/material-kit.css.map - at 7/5/2024 - 13:40:59
[34minfo[39m: GET en /assets/img/fondohome.jpg - at 7/5/2024 - 13:40:59
[34minfo[39m: GET en / - at 7/5/2024 - 13:41:11
[34minfo[39m: GET en /assets/css/bootstrap.min.css - at 7/5/2024 - 13:41:11
[34minfo[39m: GET en /assets/css/special.css - at 7/5/2024 - 13:41:11
[34minfo[39m: GET en /assets/css/material-kit.css - at 7/5/2024 - 13:41:11
[34minfo[39m: GET en /assets/img/logo_axion.png - at 7/5/2024 - 13:41:11
[34minfo[39m: GET en /assets/js/jquery.min.js - at 7/5/2024 - 13:41:11
[34minfo[39m: GET en /assets/js/bootstrap.min.js - at 7/5/2024 - 13:41:11
[34minfo[39m: GET en /assets/js/material.min.js - at 7/5/2024 - 13:41:11
[34minfo[39m: GET en /assets/js/nouislider.min.js - at 7/5/2024 - 13:41:11
[34minfo[39m: GET en /assets/js/material-kit.js - at 7/5/2024 - 13:41:11
[34minfo[39m: GET en /assets/js/bootstrap-datepicker.js - at 7/5/2024 - 13:41:11
[34minfo[39m: GET en /assets/css/material-kit.css.map - at 7/5/2024 - 13:41:11
[34minfo[39m: GET en /assets/img/fondohome.jpg - at 7/5/2024 - 13:41:11
[34minfo[39m: GET en / - at 7/5/2024 - 13:52:47
[34minfo[39m: GET en /assets/css/bootstrap.min.css - at 7/5/2024 - 13:52:47
[34minfo[39m: GET en /assets/css/special.css - at 7/5/2024 - 13:52:47
[34minfo[39m: GET en /assets/css/material-kit.css - at 7/5/2024 - 13:52:47
[34minfo[39m: GET en /assets/img/logo_axion.png - at 7/5/2024 - 13:52:47
[34minfo[39m: GET en /assets/js/jquery.min.js - at 7/5/2024 - 13:52:47
[34minfo[39m: GET en /assets/js/bootstrap.min.js - at 7/5/2024 - 13:52:47
[34minfo[39m: GET en /assets/js/material.min.js - at 7/5/2024 - 13:52:47
[34minfo[39m: GET en /assets/js/nouislider.min.js - at 7/5/2024 - 13:52:47
[34minfo[39m: GET en /assets/js/bootstrap-datepicker.js - at 7/5/2024 - 13:52:47
[34minfo[39m: GET en /assets/js/material-kit.js - at 7/5/2024 - 13:52:47
[34minfo[39m: GET en /assets/css/material-kit.css.map - at 7/5/2024 - 13:52:47
[34minfo[39m: GET en /assets/img/fondohome.jpg - at 7/5/2024 - 13:52:47
[34minfo[39m: GET en / - at 7/5/2024 - 13:52:58
[34minfo[39m: GET en /assets/css/bootstrap.min.css - at 7/5/2024 - 13:52:58
[34minfo[39m: GET en /assets/css/material-kit.css - at 7/5/2024 - 13:52:58
[34minfo[39m: GET en /assets/img/logo_axion.png - at 7/5/2024 - 13:52:58
[34minfo[39m: GET en /assets/js/jquery.min.js - at 7/5/2024 - 13:52:58
[34minfo[39m: GET en /assets/css/special.css - at 7/5/2024 - 13:52:58
[34minfo[39m: GET en /assets/js/bootstrap.min.js - at 7/5/2024 - 13:52:58
[34minfo[39m: GET en /assets/js/material.min.js - at 7/5/2024 - 13:52:58
[34minfo[39m: GET en /assets/js/bootstrap-datepicker.js - at 7/5/2024 - 13:52:58
[34minfo[39m: GET en /assets/js/material-kit.js - at 7/5/2024 - 13:52:58
[34minfo[39m: GET en /assets/js/nouislider.min.js - at 7/5/2024 - 13:52:58
[34minfo[39m: GET en /assets/css/material-kit.css.map - at 7/5/2024 - 13:52:58
[34minfo[39m: GET en /assets/img/fondohome.jpg - at 7/5/2024 - 13:52:58
[34minfo[39m: GET en / - at 7/5/2024 - 13:53:00
[34minfo[39m: GET en /assets/css/bootstrap.min.css - at 7/5/2024 - 13:53:00
[34minfo[39m: GET en /assets/css/special.css - at 7/5/2024 - 13:53:00
[34minfo[39m: GET en /assets/css/material-kit.css - at 7/5/2024 - 13:53:00
[34minfo[39m: GET en /assets/img/logo_axion.png - at 7/5/2024 - 13:53:00
[34minfo[39m: GET en /assets/js/jquery.min.js - at 7/5/2024 - 13:53:00
[34minfo[39m: GET en /assets/js/bootstrap.min.js - at 7/5/2024 - 13:53:00
[34minfo[39m: GET en /assets/js/material.min.js - at 7/5/2024 - 13:53:00
[34minfo[39m: GET en /assets/js/bootstrap-datepicker.js - at 7/5/2024 - 13:53:00
[34minfo[39m: GET en /assets/js/material-kit.js - at 7/5/2024 - 13:53:00
[34minfo[39m: GET en /assets/js/nouislider.min.js - at 7/5/2024 - 13:53:00
[34minfo[39m: GET en /assets/css/material-kit.css.map - at 7/5/2024 - 13:53:00
[34minfo[39m: GET en /assets/img/fondohome.jpg - at 7/5/2024 - 13:53:00
[34minfo[39m: GET en / - at 7/5/2024 - 13:53:10
[34minfo[39m: GET en /assets/css/bootstrap.min.css - at 7/5/2024 - 13:53:10
[34minfo[39m: GET en /assets/css/material-kit.css - at 7/5/2024 - 13:53:10
[34minfo[39m: GET en /assets/css/special.css - at 7/5/2024 - 13:53:10
[34minfo[39m: GET en /assets/img/logo_axion.png - at 7/5/2024 - 13:53:10
[34minfo[39m: GET en /assets/js/jquery.min.js - at 7/5/2024 - 13:53:10
[34minfo[39m: GET en /assets/js/bootstrap.min.js - at 7/5/2024 - 13:53:11
[34minfo[39m: GET en /assets/js/material.min.js - at 7/5/2024 - 13:53:11
[34minfo[39m: GET en /assets/js/bootstrap-datepicker.js - at 7/5/2024 - 13:53:11
[34minfo[39m: GET en /assets/js/nouislider.min.js - at 7/5/2024 - 13:53:11
[34minfo[39m: GET en /assets/js/material-kit.js - at 7/5/2024 - 13:53:11
[34minfo[39m: GET en /assets/css/material-kit.css.map - at 7/5/2024 - 13:53:11
[34minfo[39m: GET en /assets/img/fondohome.jpg - at 7/5/2024 - 13:53:11
[34minfo[39m: GET en / - at 7/5/2024 - 13:53:39
[34minfo[39m: GET en /assets/css/bootstrap.min.css - at 7/5/2024 - 13:53:39
[34minfo[39m: GET en /assets/css/material-kit.css - at 7/5/2024 - 13:53:39
[34minfo[39m: GET en /assets/css/special.css - at 7/5/2024 - 13:53:39
[34minfo[39m: GET en /assets/img/logo_axion.png - at 7/5/2024 - 13:53:39
[34minfo[39m: GET en /assets/js/jquery.min.js - at 7/5/2024 - 13:53:39
[34minfo[39m: GET en /assets/js/bootstrap.min.js - at 7/5/2024 - 13:53:39
[34minfo[39m: GET en /assets/js/material.min.js - at 7/5/2024 - 13:53:39
[34minfo[39m: GET en /assets/js/nouislider.min.js - at 7/5/2024 - 13:53:39
[34minfo[39m: GET en /assets/css/material-kit.css.map - at 7/5/2024 - 13:53:39
[34minfo[39m: GET en /assets/js/bootstrap-datepicker.js - at 7/5/2024 - 13:53:39
[34minfo[39m: GET en /assets/js/material-kit.js - at 7/5/2024 - 13:53:39
[34minfo[39m: GET en /assets/img/fondohome.jpg - at 7/5/2024 - 13:53:39
[34minfo[39m: GET en / - at 7/5/2024 - 13:53:56
[34minfo[39m: GET en /assets/css/bootstrap.min.css - at 7/5/2024 - 13:53:56
[34minfo[39m: GET en /assets/css/material-kit.css - at 7/5/2024 - 13:53:56
[34minfo[39m: GET en /assets/img/logo_axion.png - at 7/5/2024 - 13:53:56
[34minfo[39m: GET en /assets/css/special.css - at 7/5/2024 - 13:53:56
[34minfo[39m: GET en /assets/js/jquery.min.js - at 7/5/2024 - 13:53:56
[34minfo[39m: GET en /assets/js/bootstrap.min.js - at 7/5/2024 - 13:53:56
[34minfo[39m: GET en /assets/js/material.min.js - at 7/5/2024 - 13:53:56
[34minfo[39m: GET en /assets/js/bootstrap-datepicker.js - at 7/5/2024 - 13:53:56
[34minfo[39m: GET en /assets/js/nouislider.min.js - at 7/5/2024 - 13:53:56
[34minfo[39m: GET en /assets/js/material-kit.js - at 7/5/2024 - 13:53:56
[34minfo[39m: GET en /assets/css/material-kit.css.map - at 7/5/2024 - 13:53:56
[34minfo[39m: GET en /assets/img/fondohome.jpg - at 7/5/2024 - 13:53:56
[34minfo[39m: GET en / - at 7/5/2024 - 13:54:03
[34minfo[39m: GET en /assets/css/bootstrap.min.css - at 7/5/2024 - 13:54:03
[34minfo[39m: GET en /assets/css/material-kit.css - at 7/5/2024 - 13:54:03
[34minfo[39m: GET en /assets/css/special.css - at 7/5/2024 - 13:54:03
[34minfo[39m: GET en /assets/img/logo_axion.png - at 7/5/2024 - 13:54:03
[34minfo[39m: GET en /assets/js/jquery.min.js - at 7/5/2024 - 13:54:03
[34minfo[39m: GET en /assets/js/bootstrap.min.js - at 7/5/2024 - 13:54:03
[34minfo[39m: GET en /assets/js/material.min.js - at 7/5/2024 - 13:54:03
[34minfo[39m: GET en /assets/js/nouislider.min.js - at 7/5/2024 - 13:54:03
[34minfo[39m: GET en /assets/js/bootstrap-datepicker.js - at 7/5/2024 - 13:54:03
[34minfo[39m: GET en /assets/js/material-kit.js - at 7/5/2024 - 13:54:03
[34minfo[39m: GET en /assets/css/material-kit.css.map - at 7/5/2024 - 13:54:03
[34minfo[39m: GET en /assets/img/fondohome.jpg - at 7/5/2024 - 13:54:03
[34minfo[39m: GET en / - at 7/5/2024 - 13:54:43
[34minfo[39m: GET en /assets/css/bootstrap.min.css - at 7/5/2024 - 13:54:43
[34minfo[39m: GET en /assets/css/material-kit.css - at 7/5/2024 - 13:54:43
[34minfo[39m: GET en /assets/css/special.css - at 7/5/2024 - 13:54:43
[34minfo[39m: GET en /assets/img/logo_axion.png - at 7/5/2024 - 13:54:43
[34minfo[39m: GET en /assets/js/jquery.min.js - at 7/5/2024 - 13:54:43
[34minfo[39m: GET en /assets/js/bootstrap.min.js - at 7/5/2024 - 13:54:43
[34minfo[39m: GET en /assets/js/material.min.js - at 7/5/2024 - 13:54:43
[34minfo[39m: GET en /assets/js/nouislider.min.js - at 7/5/2024 - 13:54:43
[34minfo[39m: GET en /assets/js/material-kit.js - at 7/5/2024 - 13:54:43
[34minfo[39m: GET en /assets/js/bootstrap-datepicker.js - at 7/5/2024 - 13:54:43
[34minfo[39m: GET en /assets/css/material-kit.css.map - at 7/5/2024 - 13:54:43
[34minfo[39m: GET en /assets/img/fondohome.jpg - at 7/5/2024 - 13:54:43
[34minfo[39m: GET en / - at 7/5/2024 - 13:55:12
[34minfo[39m: GET en /assets/css/bootstrap.min.css - at 7/5/2024 - 13:55:13
[34minfo[39m: GET en /assets/css/material-kit.css - at 7/5/2024 - 13:55:13
[34minfo[39m: GET en /assets/css/special.css - at 7/5/2024 - 13:55:13
[34minfo[39m: GET en /assets/img/logo_axion.png - at 7/5/2024 - 13:55:13
[34minfo[39m: GET en /assets/js/jquery.min.js - at 7/5/2024 - 13:55:13
[34minfo[39m: GET en /assets/js/bootstrap.min.js - at 7/5/2024 - 13:55:13
[34minfo[39m: GET en /assets/js/material.min.js - at 7/5/2024 - 13:55:13
[34minfo[39m: GET en /assets/js/nouislider.min.js - at 7/5/2024 - 13:55:13
[34minfo[39m: GET en /assets/js/bootstrap-datepicker.js - at 7/5/2024 - 13:55:13
[34minfo[39m: GET en /assets/js/material-kit.js - at 7/5/2024 - 13:55:13
[34minfo[39m: GET en /assets/css/material-kit.css.map - at 7/5/2024 - 13:55:13
[34minfo[39m: GET en /assets/img/fondohome.jpg - at 7/5/2024 - 13:55:13
[34minfo[39m: GET en / - at 7/5/2024 - 13:55:57
[34minfo[39m: GET en /assets/css/bootstrap.min.css - at 7/5/2024 - 13:55:57
[34minfo[39m: GET en /assets/css/material-kit.css - at 7/5/2024 - 13:55:57
[34minfo[39m: GET en /assets/css/special.css - at 7/5/2024 - 13:55:57
[34minfo[39m: GET en /assets/img/logo_axion.png - at 7/5/2024 - 13:55:57
[34minfo[39m: GET en /assets/js/jquery.min.js - at 7/5/2024 - 13:55:57
[34minfo[39m: GET en /assets/js/bootstrap.min.js - at 7/5/2024 - 13:55:57
[34minfo[39m: GET en /assets/js/material.min.js - at 7/5/2024 - 13:55:57
[34minfo[39m: GET en /assets/css/material-kit.css.map - at 7/5/2024 - 13:55:57
[34minfo[39m: GET en /assets/js/nouislider.min.js - at 7/5/2024 - 13:55:57
[34minfo[39m: GET en /assets/js/bootstrap-datepicker.js - at 7/5/2024 - 13:55:57
[34minfo[39m: GET en /assets/js/material-kit.js - at 7/5/2024 - 13:55:57
[34minfo[39m: GET en /assets/img/fondohome.jpg - at 7/5/2024 - 13:55:57
